NOTE: PROCEDURE PRINTTO used (Total process time):
      real time           0.01 seconds
      cpu time            0.00 seconds
      

13655  %include "&reanalysis/RS2_estimate_PTSD_imp_models.sas";
NOTE: Writing ODS PDF output to DISK destination 
      "C:\Users\Anolinx\MTO\outputs\RS2-Eight_Models.pdf", printer "PDF".
NOTE: The input data set is subset by WHERE, OBS, or FIRSTOBS. This provides a completely 
      separate analysis of the subset. It does not provide a statistically valid subpopulation or 
      domain analysis, where the total number of units in the subpopulation is not known with 
      certainty. If you want a domain analysis, you should include the DOMAIN variables in a 
      DOMAIN statement.
NOTE: PROC SURVEYLOGISTIC is modeling the probability that DSM_PTS='(1) ENDORSED'.
NOTE: Convergence criterion (GCONV=1E-8) satisfied.
NOTE: The data set WORK.BETASA0R0S99 has 20 observations and 2 variables.
NOTE: The data set WORK.COVSA0R0S99 has 20 observations and 21 variables.
NOTE: PROCEDURE SURVEYLOGISTIC used (Total process time):
      real time           0.25 seconds
      cpu time            0.14 seconds
      

NOTE: The input data set is subset by WHERE, OBS, or FIRSTOBS. This provides a completely 
      separate analysis of the subset. It does not provide a statistically valid subpopulation or 
      domain analysis, where the total number of units in the subpopulation is not known with 
      certainty. If you want a domain analysis, you should include the DOMAIN variables in a 
      DOMAIN statement.
NOTE: PROC SURVEYLOGISTIC is modeling the probability that DSM_PTS='(1) ENDORSED'.
NOTE: Convergence criterion (GCONV=1E-8) satisfied.
NOTE: The data set WORK.BETASA0R0S40 has 20 observations and 2 variables.
NOTE: The data set WORK.COVSA0R0S40 has 20 observations and 21 variables.
NOTE: PROCEDURE SURVEYLOGISTIC used (Total process time):
      real time           0.21 seconds
      cpu time            0.14 seconds
      

NOTE: The input data set is subset by WHERE, OBS, or FIRSTOBS. This provides a completely 
      separate analysis of the subset. It does not provide a statistically valid subpopulation or 
      domain analysis, where the total number of units in the subpopulation is not known with 
      certainty. If you want a domain analysis, you should include the DOMAIN variables in a 
      DOMAIN statement.
NOTE: PROC SURVEYLOGISTIC is modeling the probability that DSM_PTS='(1) ENDORSED'.
NOTE: Convergence criterion (GCONV=1E-8) satisfied.
NOTE: The data set WORK.BETASA0R1S99 has 23 observations and 2 variables.
NOTE: The data set WORK.COVSA0R1S99 has 23 observations and 24 variables.
NOTE: PROCEDURE SURVEYLOGISTIC used (Total process time):
      real time           0.23 seconds
      cpu time            0.15 seconds
      

NOTE: The input data set is subset by WHERE, OBS, or FIRSTOBS. This provides a completely 
      separate analysis of the subset. It does not provide a statistically valid subpopulation or 
      domain analysis, where the total number of units in the subpopulation is not known with 
      certainty. If you want a domain analysis, you should include the DOMAIN variables in a 
      DOMAIN statement.
NOTE: PROC SURVEYLOGISTIC is modeling the probability that DSM_PTS='(1) ENDORSED'.
NOTE: Convergence criterion (GCONV=1E-8) satisfied.
NOTE: The data set WORK.BETASA0R1S40 has 23 observations and 2 variables.
NOTE: The data set WORK.COVSA0R1S40 has 23 observations and 24 variables.
NOTE: PROCEDURE SURVEYLOGISTIC used (Total process time):
      real time           0.21 seconds
      cpu time            0.14 seconds
      

NOTE: The input data set is subset by WHERE, OBS, or FIRSTOBS. This provides a completely 
      separate analysis of the subset. It does not provide a statistically valid subpopulation or 
      domain analysis, where the total number of units in the subpopulation is not known with 
      certainty. If you want a domain analysis, you should include the DOMAIN variables in a 
      DOMAIN statement.
NOTE: PROC SURVEYLOGISTIC is modeling the probability that DSM_PTS='(1) ENDORSED'.
NOTE: Convergence criterion (GCONV=1E-8) satisfied.
NOTE: The data set WORK.BETASA1R0S99 has 21 observations and 2 variables.
NOTE: The data set WORK.COVSA1R0S99 has 21 observations and 22 variables.
NOTE: PROCEDURE SURVEYLOGISTIC used (Total process time):
      real time           0.23 seconds
      cpu time            0.15 seconds
      

NOTE: The input data set is subset by WHERE, OBS, or FIRSTOBS. This provides a completely 
      separate analysis of the subset. It does not provide a statistically valid subpopulation or 
      domain analysis, where the total number of units in the subpopulation is not known with 
      certainty. If you want a domain analysis, you should include the DOMAIN variables in a 
      DOMAIN statement.
NOTE: PROC SURVEYLOGISTIC is modeling the probability that DSM_PTS='(1) ENDORSED'.
NOTE: Convergence criterion (GCONV=1E-8) satisfied.
NOTE: The data set WORK.BETASA1R0S40 has 21 observations and 2 variables.
NOTE: The data set WORK.COVSA1R0S40 has 21 observations and 22 variables.
NOTE: PROCEDURE SURVEYLOGISTIC used (Total process time):
      real time           0.20 seconds
      cpu time            0.12 seconds
      

NOTE: The input data set is subset by WHERE, OBS, or FIRSTOBS. This provides a completely 
      separate analysis of the subset. It does not provide a statistically valid subpopulation or 
      domain analysis, where the total number of units in the subpopulation is not known with 
      certainty. If you want a domain analysis, you should include the DOMAIN variables in a 
      DOMAIN statement.
NOTE: PROC SURVEYLOGISTIC is modeling the probability that DSM_PTS='(1) ENDORSED'.
NOTE: Convergence criterion (GCONV=1E-8) satisfied.
NOTE: The data set WORK.BETASA1R1S99 has 24 observations and 2 variables.
NOTE: The data set WORK.COVSA1R1S99 has 24 observations and 25 variables.
NOTE: PROCEDURE SURVEYLOGISTIC used (Total process time):
      real time           0.26 seconds
      cpu time            0.17 seconds
      

NOTE: The input data set is subset by WHERE, OBS, or FIRSTOBS. This provides a completely 
      separate analysis of the subset. It does not provide a statistically valid subpopulation or 
      domain analysis, where the total number of units in the subpopulation is not known with 
      certainty. If you want a domain analysis, you should include the DOMAIN variables in a 
      DOMAIN statement.
NOTE: PROC SURVEYLOGISTIC is modeling the probability that DSM_PTS='(1) ENDORSED'.
NOTE: Convergence criterion (GCONV=1E-8) satisfied.
NOTE: The data set WORK.BETASA1R1S40 has 24 observations and 2 variables.
NOTE: The data set WORK.COVSA1R1S40 has 24 observations and 25 variables.
NOTE: PROCEDURE SURVEYLOGISTIC used (Total process time):
      real time           0.32 seconds
      cpu time            0.18 seconds
      

NOTE: ODS PDF printed 40 pages to C:\Users\Anolinx\MTO\outputs\RS2-Eight_Models.pdf.
13730  
13731  /*  STEP III -- Compare coefficients
13732   */
13733  PROC PRINTTO NEW LOG="&outputs/RS3.log";
13734  RUN;

